Build started 14/09/2017 15:24:14.
     1>Project "C:\Users\josie\documents\visual studio 2010\Projects\Crossfire BR - Setembro 2017\Crossfire BR - Setembro 2017\Crossfire BR - Setembro 2017.vcxproj" on node 2 (build target(s)).
     1>InitializeBuildStatus:
         Creating "Debug\Crossfire BR - Setembro 2017.unsuccessfulbuild" because "AlwaysCreate" was specified.
       ClCompile:
         F:\Program Files (x86)\Microsoft Visual Studio 10.0\VC\bin\CL.exe /c /ZI /nologo /W3 /WX- /Od /Oy- /D WIN32 /D _DEBUG /D _WINDOWS /D _USRDLL /D CROSSFIREBRSETEMBRO2017_EXPORTS /D _WINDLL /D _MBCS /Gm /EHsc /RTC1 /MDd /GS /fp:precise /Zc:wchar_t /Zc:forScope /Fo"Debug\\" /Fd"Debug\vc100.pdb" /Gd /TP /analyze- /errorReport:prompt Source.cpp
         Source.cpp
         Lembre de dar os créditos ao Mac!
       ManifestResourceCompile:
         All outputs are up-to-date.
       Link:
         F:\Program Files (x86)\Microsoft Visual Studio 10.0\VC\bin\link.exe /ERRORREPORT:PROMPT /OUT:"C:\Users\josie\documents\visual studio 2010\Projects\Crossfire BR - Setembro 2017\Debug\Crossfire BR - Setembro 2017.dll" /INCREMENTAL /NOLOGO kernel32.lib user32.lib gdi32.lib winspool.lib comdlg32.lib advapi32.lib shell32.lib ole32.lib oleaut32.lib uuid.lib odbc32.lib odbccp32.lib /MANIFEST /ManifestFile:"Debug\Crossfire BR - Setembro 2017.dll.intermediate.manifest" /MANIFESTUAC:"level='asInvoker' uiAccess='false'" /DEBUG /PDB:"C:\Users\josie\documents\visual studio 2010\Projects\Crossfire BR - Setembro 2017\Debug\Crossfire BR - Setembro 2017.pdb" /SUBSYSTEM:WINDOWS /TLBID:1 /DYNAMICBASE /NXCOMPAT /IMPLIB:"C:\Users\josie\documents\visual studio 2010\Projects\Crossfire BR - Setembro 2017\Debug\Crossfire BR - Setembro 2017.lib" /MACHINE:X86 /DLL "Debug\Crossfire BR - Setembro 2017.dll.embed.manifest.res"
         Debug\Source.obj
       Manifest:
         C:\Program Files (x86)\Microsoft SDKs\Windows\v7.0A\bin\mt.exe /nologo /verbose /out:"Debug\Crossfire BR - Setembro 2017.dll.embed.manifest" /manifest "Debug\Crossfire BR - Setembro 2017.dll.intermediate.manifest"
         All outputs are up-to-date.
       LinkEmbedManifest:
         All outputs are up-to-date.
         Crossfire BR - Setembro 2017.vcxproj -> C:\Users\josie\documents\visual studio 2010\Projects\Crossfire BR - Setembro 2017\Debug\Crossfire BR - Setembro 2017.dll
       FinalizeBuildStatus:
         Deleting file "Debug\Crossfire BR - Setembro 2017.unsuccessfulbuild".
         Touching "Debug\Crossfire BR - Setembro 2017.lastbuildstate".
     1>Done Building Project "C:\Users\josie\documents\visual studio 2010\Projects\Crossfire BR - Setembro 2017\Crossfire BR - Setembro 2017\Crossfire BR - Setembro 2017.vcxproj" (build target(s)).

Build succeeded.

Time Elapsed 00:00:12.02
